WebConfig - MyBeanPostProcessor
org.springframework.boot.autoconfigure.web.servlet.ServletWebServerFactoryConfiguration$EmbeddedTomcat postProcessBeforeInitialization
org.springframework.boot.autoconfigure.web.servlet.ServletWebServerFactoryConfiguration$EmbeddedTomcat postProcessAfterInitialization
tomcatServletWebServerFactory postProcessBeforeInitialization
org.springframework.boot.autoconfigure.websocket.servlet.WebSocketServletAutoConfiguration$TomcatWebSocketConfiguration postProcessBeforeInitialization
org.springframework.boot.autoconfigure.websocket.servlet.WebSocketServletAutoConfiguration$TomcatWebSocketConfiguration postProcessAfterInitialization
websocketServletWebServerCustomizer postProcessBeforeInitialization
websocketServletWebServerCustomizer postProcessAfterInitialization
org.springframework.boot.autoconfigure.web.servlet.ServletWebServerFactoryAutoConfiguration postProcessBeforeInitialization
org.springframework.boot.autoconfigure.web.servlet.ServletWebServerFactoryAutoConfiguration postProcessAfterInitialization
org.springframework.boot.context.properties.BoundConfigurationProperties postProcessBeforeInitialization
org.springframework.boot.context.properties.BoundConfigurationProperties postProcessAfterInitialization
server-org.springframework.boot.autoconfigure.web.ServerProperties postProcessBeforeInitialization
server-org.springframework.boot.autoconfigure.web.ServerProperties postProcessAfterInitialization
spring.ssl-org.springframework.boot.autoconfigure.ssl.SslProperties postProcessBeforeInitialization
spring.ssl-org.springframework.boot.autoconfigure.ssl.SslProperties postProcessAfterInitialization
org.springframework.boot.autoconfigure.ssl.SslAutoConfiguration postProcessBeforeInitialization
org.springframework.boot.autoconfigure.ssl.SslAutoConfiguration postProcessAfterInitialization
fileWatcher postProcessBeforeInitialization
fileWatcher postProcessAfterInitialization
sslPropertiesSslBundleRegistrar postProcessBeforeInitialization
sslPropertiesSslBundleRegistrar postProcessAfterInitialization
sslBundleRegistry postProcessBeforeInitialization
sslBundleRegistry postProcessAfterInitialization
servletWebServerFactoryCustomizer postProcessBeforeInitialization
servletWebServerFactoryCustomizer postProcessAfterInitialization
tomcatServletWebServerFactoryCustomizer postProcessBeforeInitialization
tomcatServletWebServerFactoryCustomizer postProcessAfterInitialization
org.springframework.boot.autoconfigure.web.embedded.EmbeddedWebServerFactoryCustomizerAutoConfiguration$TomcatWebServerFactoryCustomizerConfiguration postProcessBeforeInitialization
org.springframework.boot.autoconfigure.web.embedded.EmbeddedWebServerFactoryCustomizerAutoConfiguration$TomcatWebServerFactoryCustomizerConfiguration postProcessAfterInitialization
tomcatWebServerFactoryCustomizer postProcessBeforeInitialization
tomcatWebServerFactoryCustomizer postProcessAfterInitialization
org.springframework.boot.autoconfigure.web.servlet.HttpEncodingAutoConfiguration postProcessBeforeInitialization
org.springframework.boot.autoconfigure.web.servlet.HttpEncodingAutoConfiguration postProcessAfterInitialization
localeCharsetMappingsCustomizer postProcessBeforeInitialization
localeCharsetMappingsCustomizer postProcessAfterInitialization
org.springframework.boot.autoconfigure.web.servlet.error.ErrorMvcAutoConfiguration postProcessBeforeInitialization
org.springframework.boot.autoconfigure.web.servlet.error.ErrorMvcAutoConfiguration postProcessAfterInitialization
org.springframework.boot.autoconfigure.web.servlet.DispatcherServletAutoConfiguration$DispatcherServletRegistrationConfiguration postProcessBeforeInitialization
org.springframework.boot.autoconfigure.web.servlet.DispatcherServletAutoConfiguration$DispatcherServletRegistrationConfiguration postProcessAfterInitialization
org.springframework.boot.autoconfigure.web.servlet.DispatcherServletAutoConfiguration$DispatcherServletConfiguration postProcessBeforeInitialization
org.springframework.boot.autoconfigure.web.servlet.DispatcherServletAutoConfiguration$DispatcherServletConfiguration postProcessAfterInitialization
spring.mvc-org.springframework.boot.autoconfigure.web.servlet.WebMvcProperties postProcessBeforeInitialization
spring.mvc-org.springframework.boot.autoconfigure.web.servlet.WebMvcProperties postProcessAfterInitialization
dispatcherServlet postProcessBeforeInitialization
dispatcherServlet postProcessAfterInitialization
spring.servlet.multipart-org.springframework.boot.autoconfigure.web.servlet.MultipartProperties postProcessBeforeInitialization
spring.servlet.multipart-org.springframework.boot.autoconfigure.web.servlet.MultipartProperties postProcessAfterInitialization
org.springframework.boot.autoconfigure.web.servlet.MultipartAutoConfiguration postProcessBeforeInitialization
org.springframework.boot.autoconfigure.web.servlet.MultipartAutoConfiguration postProcessAfterInitialization
multipartConfigElement postProcessBeforeInitialization
multipartConfigElement postProcessAfterInitialization
dispatcherServletRegistration postProcessBeforeInitialization
dispatcherServletRegistration postProcessAfterInitialization
errorPageCustomizer postProcessBeforeInitialization
errorPageCustomizer postProcessAfterInitialization
tomcatServletWebServerFactory postProcessAfterInitialization
2024-09-22T10:26:37.488+07:00  INFO 11844 --- [spring-boot-lifecycle] [           main] o.s.b.w.embedded.tomcat.TomcatWebServer  : Tomcat initialized with port 8080 (http)
2024-09-22T10:26:37.505+07:00  INFO 11844 --- [spring-boot-lifecycle] [           main] o.apache.catalina.core.StandardService   : Starting service [Tomcat]
2024-09-22T10:26:37.505+07:00  INFO 11844 --- [spring-boot-lifecycle] [           main] o.apache.catalina.core.StandardEngine    : Starting Servlet engine: [Apache Tomcat/10.1.30]
2024-09-22T10:26:37.602+07:00  INFO 11844 --- [spring-boot-lifecycle] [           main] o.a.c.c.C.[Tomcat].[localhost].[/]       : Initializing Spring embedded WebApplicationContext
2024-09-22T10:26:37.603+07:00  INFO 11844 --- [spring-boot-lifecycle] [           main] w.s.c.ServletWebServerApplicationContext : Root WebApplicationContext: initialization completed in 1474 ms
requestContextFilter postProcessBeforeInitialization
requestContextFilter postProcessAfterInitialization
org.springframework.boot.autoconfigure.web.servlet.WebMvcAutoConfiguration postProcessBeforeInitialization
org.springframework.boot.autoconfigure.web.servlet.WebMvcAutoConfiguration postProcessAfterInitialization
formContentFilter postProcessBeforeInitialization
formContentFilter postProcessAfterInitialization
characterEncodingFilter postProcessBeforeInitialization
characterEncodingFilter postProcessAfterInitialization
springBootLifecycleApplication postProcessBeforeInitialization
springBootLifecycleApplication postProcessAfterInitialization
WebConfig - Bird
Bird constructor2
bird postProcessBeforeInitialization
Bird afterPropertiesSet
bird postProcessAfterInitialization
WebConfig - Fish
Fish constructor2
fish postProcessBeforeInitialization
Fish PostConstruct
fish postProcessAfterInitialization
WebConfig - User
User constructor2
user postProcessBeforeInitialization
User init
user postProcessAfterInitialization
indexController postProcessBeforeInitialization
indexController postProcessAfterInitialization
org.springframework.boot.autoconfigure.AutoConfigurationPackages postProcessBeforeInitialization
org.springframework.boot.autoconfigure.AutoConfigurationPackages postProcessAfterInitialization
org.springframework.boot.autoconfigure.context.PropertyPlaceholderAutoConfiguration postProcessBeforeInitialization
org.springframework.boot.autoconfigure.context.PropertyPlaceholderAutoConfiguration postProcessAfterInitialization
org.springframework.boot.context.properties.EnableConfigurationPropertiesRegistrar.methodValidationExcludeFilter postProcessBeforeInitialization
org.springframework.boot.context.properties.EnableConfigurationPropertiesRegistrar.methodValidationExcludeFilter postProcessAfterInitialization
org.springframework.boot.autoconfigure.websocket.servlet.WebSocketServletAutoConfiguration postProcessBeforeInitialization
org.springframework.boot.autoconfigure.websocket.servlet.WebSocketServletAutoConfiguration postProcessAfterInitialization
org.springframework.boot.autoconfigure.web.servlet.DispatcherServletAutoConfiguration postProcessBeforeInitialization
org.springframework.boot.autoconfigure.web.servlet.DispatcherServletAutoConfiguration postProcessAfterInitialization
org.springframework.boot.autoconfigure.task.TaskExecutorConfigurations$ThreadPoolTaskExecutorBuilderConfiguration postProcessBeforeInitialization
org.springframework.boot.autoconfigure.task.TaskExecutorConfigurations$ThreadPoolTaskExecutorBuilderConfiguration postProcessAfterInitialization
spring.task.execution-org.springframework.boot.autoconfigure.task.TaskExecutionProperties postProcessBeforeInitialization
spring.task.execution-org.springframework.boot.autoconfigure.task.TaskExecutionProperties postProcessAfterInitialization
threadPoolTaskExecutorBuilder postProcessBeforeInitialization
threadPoolTaskExecutorBuilder postProcessAfterInitialization
org.springframework.boot.autoconfigure.task.TaskExecutorConfigurations$TaskExecutorBuilderConfiguration postProcessBeforeInitialization
org.springframework.boot.autoconfigure.task.TaskExecutorConfigurations$TaskExecutorBuilderConfiguration postProcessAfterInitialization
taskExecutorBuilder postProcessBeforeInitialization
taskExecutorBuilder postProcessAfterInitialization
org.springframework.boot.autoconfigure.task.TaskExecutorConfigurations$SimpleAsyncTaskExecutorBuilderConfiguration postProcessBeforeInitialization
org.springframework.boot.autoconfigure.task.TaskExecutorConfigurations$SimpleAsyncTaskExecutorBuilderConfiguration postProcessAfterInitialization
simpleAsyncTaskExecutorBuilder postProcessBeforeInitialization
simpleAsyncTaskExecutorBuilder postProcessAfterInitialization
org.springframework.boot.autoconfigure.task.TaskExecutorConfigurations$TaskExecutorConfiguration postProcessBeforeInitialization
org.springframework.boot.autoconfigure.task.TaskExecutorConfigurations$TaskExecutorConfiguration postProcessAfterInitialization
org.springframework.boot.autoconfigure.task.TaskExecutionAutoConfiguration postProcessBeforeInitialization
org.springframework.boot.autoconfigure.task.TaskExecutionAutoConfiguration postProcessAfterInitialization
org.springframework.boot.autoconfigure.web.servlet.error.ErrorMvcAutoConfiguration$WhitelabelErrorViewConfiguration postProcessBeforeInitialization
org.springframework.boot.autoconfigure.web.servlet.error.ErrorMvcAutoConfiguration$WhitelabelErrorViewConfiguration postProcessAfterInitialization
error postProcessBeforeInitialization
error postProcessAfterInitialization
beanNameViewResolver postProcessBeforeInitialization
beanNameViewResolver postProcessAfterInitialization
spring.web-org.springframework.boot.autoconfigure.web.WebProperties postProcessBeforeInitialization
spring.web-org.springframework.boot.autoconfigure.web.WebProperties postProcessAfterInitialization
org.springframework.boot.autoconfigure.web.servlet.error.ErrorMvcAutoConfiguration$DefaultErrorViewResolverConfiguration postProcessBeforeInitialization
org.springframework.boot.autoconfigure.web.servlet.error.ErrorMvcAutoConfiguration$DefaultErrorViewResolverConfiguration postProcessAfterInitialization
conventionErrorViewResolver postProcessBeforeInitialization
conventionErrorViewResolver postProcessAfterInitialization
errorAttributes postProcessBeforeInitialization
errorAttributes postProcessAfterInitialization
basicErrorController postProcessBeforeInitialization
basicErrorController postProcessAfterInitialization
org.springframework.boot.autoconfigure.web.servlet.WebMvcAutoConfiguration$WebMvcAutoConfigurationAdapter postProcessBeforeInitialization
org.springframework.boot.autoconfigure.web.servlet.WebMvcAutoConfiguration$WebMvcAutoConfigurationAdapter postProcessAfterInitialization
org.springframework.boot.autoconfigure.web.servlet.WebMvcAutoConfiguration$EnableWebMvcConfiguration postProcessBeforeInitialization
org.springframework.boot.autoconfigure.web.servlet.WebMvcAutoConfiguration$EnableWebMvcConfiguration postProcessAfterInitialization
mvcConversionService postProcessBeforeInitialization
mvcConversionService postProcessAfterInitialization
mvcResourceUrlProvider postProcessBeforeInitialization
mvcResourceUrlProvider postProcessAfterInitialization
welcomePageHandlerMapping postProcessBeforeInitialization
welcomePageHandlerMapping postProcessAfterInitialization
welcomePageNotAcceptableHandlerMapping postProcessBeforeInitialization
welcomePageNotAcceptableHandlerMapping postProcessAfterInitialization
localeResolver postProcessBeforeInitialization
localeResolver postProcessAfterInitialization
themeResolver postProcessBeforeInitialization
themeResolver postProcessAfterInitialization
flashMapManager postProcessBeforeInitialization
flashMapManager postProcessAfterInitialization
mvcValidator postProcessBeforeInitialization
mvcValidator postProcessAfterInitialization
mvcContentNegotiationManager postProcessBeforeInitialization
mvcContentNegotiationManager postProcessAfterInitialization
requestMappingHandlerMapping postProcessBeforeInitialization
requestMappingHandlerMapping postProcessAfterInitialization
mvcPatternParser postProcessBeforeInitialization
mvcPatternParser postProcessAfterInitialization
mvcUrlPathHelper postProcessBeforeInitialization
mvcUrlPathHelper postProcessAfterInitialization
mvcPathMatcher postProcessBeforeInitialization
mvcPathMatcher postProcessAfterInitialization
viewControllerHandlerMapping postProcessBeforeInitialization
viewControllerHandlerMapping postProcessAfterInitialization
beanNameHandlerMapping postProcessBeforeInitialization
beanNameHandlerMapping postProcessAfterInitialization
org.springframework.boot.autoconfigure.http.HttpMessageConvertersAutoConfiguration postProcessBeforeInitialization
org.springframework.boot.autoconfigure.http.HttpMessageConvertersAutoConfiguration postProcessAfterInitialization
org.springframework.boot.autoconfigure.http.HttpMessageConvertersAutoConfiguration$StringHttpMessageConverterConfiguration postProcessBeforeInitialization
org.springframework.boot.autoconfigure.http.HttpMessageConvertersAutoConfiguration$StringHttpMessageConverterConfiguration postProcessAfterInitialization
stringHttpMessageConverter postProcessBeforeInitialization
stringHttpMessageConverter postProcessAfterInitialization
org.springframework.boot.autoconfigure.http.JacksonHttpMessageConvertersConfiguration$MappingJackson2HttpMessageConverterConfiguration postProcessBeforeInitialization
org.springframework.boot.autoconfigure.http.JacksonHttpMessageConvertersConfiguration$MappingJackson2HttpMessageConverterConfiguration postProcessAfterInitialization
org.springframework.boot.autoconfigure.jackson.JacksonAutoConfiguration$JacksonObjectMapperConfiguration postProcessBeforeInitialization
org.springframework.boot.autoconfigure.jackson.JacksonAutoConfiguration$JacksonObjectMapperConfiguration postProcessAfterInitialization
org.springframework.boot.autoconfigure.jackson.JacksonAutoConfiguration$JacksonObjectMapperBuilderConfiguration postProcessBeforeInitialization
org.springframework.boot.autoconfigure.jackson.JacksonAutoConfiguration$JacksonObjectMapperBuilderConfiguration postProcessAfterInitialization
org.springframework.boot.autoconfigure.jackson.JacksonAutoConfiguration$Jackson2ObjectMapperBuilderCustomizerConfiguration postProcessBeforeInitialization
org.springframework.boot.autoconfigure.jackson.JacksonAutoConfiguration$Jackson2ObjectMapperBuilderCustomizerConfiguration postProcessAfterInitialization
spring.jackson-org.springframework.boot.autoconfigure.jackson.JacksonProperties postProcessBeforeInitialization
spring.jackson-org.springframework.boot.autoconfigure.jackson.JacksonProperties postProcessAfterInitialization
org.springframework.boot.autoconfigure.jackson.JacksonAutoConfiguration$ParameterNamesModuleConfiguration postProcessBeforeInitialization
org.springframework.boot.autoconfigure.jackson.JacksonAutoConfiguration$ParameterNamesModuleConfiguration postProcessAfterInitialization
parameterNamesModule postProcessBeforeInitialization
parameterNamesModule postProcessAfterInitialization
org.springframework.boot.autoconfigure.jackson.JacksonAutoConfiguration$JacksonMixinConfiguration postProcessBeforeInitialization
org.springframework.boot.autoconfigure.jackson.JacksonAutoConfiguration$JacksonMixinConfiguration postProcessAfterInitialization
jsonMixinModuleEntries postProcessBeforeInitialization
jsonMixinModuleEntries postProcessAfterInitialization
jsonMixinModule postProcessBeforeInitialization
jsonMixinModule postProcessAfterInitialization
org.springframework.boot.autoconfigure.jackson.JacksonAutoConfiguration postProcessBeforeInitialization
org.springframework.boot.autoconfigure.jackson.JacksonAutoConfiguration postProcessAfterInitialization
jsonComponentModule postProcessBeforeInitialization
jsonComponentModule postProcessAfterInitialization
standardJacksonObjectMapperBuilderCustomizer postProcessBeforeInitialization
standardJacksonObjectMapperBuilderCustomizer postProcessAfterInitialization
jacksonObjectMapperBuilder postProcessBeforeInitialization
jacksonObjectMapperBuilder postProcessAfterInitialization
jacksonObjectMapper postProcessBeforeInitialization
jacksonObjectMapper postProcessAfterInitialization
mappingJackson2HttpMessageConverter postProcessBeforeInitialization
mappingJackson2HttpMessageConverter postProcessAfterInitialization
messageConverters postProcessBeforeInitialization
messageConverters postProcessAfterInitialization
routerFunctionMapping postProcessBeforeInitialization
routerFunctionMapping postProcessAfterInitialization
resourceHandlerMapping postProcessBeforeInitialization
resourceHandlerMapping postProcessAfterInitialization
defaultServletHandlerMapping postProcessBeforeInitialization
defaultServletHandlerMapping postProcessAfterInitialization
applicationTaskExecutor postProcessBeforeInitialization
applicationTaskExecutor postProcessAfterInitialization
requestMappingHandlerAdapter postProcessBeforeInitialization
requestMappingHandlerAdapter postProcessAfterInitialization
handlerFunctionAdapter postProcessBeforeInitialization
handlerFunctionAdapter postProcessAfterInitialization
mvcUriComponentsContributor postProcessBeforeInitialization
mvcUriComponentsContributor postProcessAfterInitialization
httpRequestHandlerAdapter postProcessBeforeInitialization
httpRequestHandlerAdapter postProcessAfterInitialization
simpleControllerHandlerAdapter postProcessBeforeInitialization
simpleControllerHandlerAdapter postProcessAfterInitialization
handlerExceptionResolver postProcessBeforeInitialization
handlerExceptionResolver postProcessAfterInitialization
mvcViewResolver postProcessBeforeInitialization
mvcViewResolver postProcessAfterInitialization
viewNameTranslator postProcessBeforeInitialization
viewNameTranslator postProcessAfterInitialization
defaultViewResolver postProcessBeforeInitialization
defaultViewResolver postProcessAfterInitialization
viewResolver postProcessBeforeInitialization
viewResolver postProcessAfterInitialization
spring.jmx-org.springframework.boot.autoconfigure.jmx.JmxProperties postProcessBeforeInitialization
spring.jmx-org.springframework.boot.autoconfigure.jmx.JmxProperties postProcessAfterInitialization
org.springframework.boot.autoconfigure.jmx.JmxAutoConfiguration postProcessBeforeInitialization
org.springframework.boot.autoconfigure.jmx.JmxAutoConfiguration postProcessAfterInitialization
objectNamingStrategy postProcessBeforeInitialization
objectNamingStrategy postProcessAfterInitialization
mbeanServer postProcessBeforeInitialization
mbeanServer postProcessAfterInitialization
mbeanExporter postProcessBeforeInitialization
mbeanExporter postProcessAfterInitialization
org.springframework.boot.autoconfigure.admin.SpringApplicationAdminJmxAutoConfiguration postProcessBeforeInitialization
org.springframework.boot.autoconfigure.admin.SpringApplicationAdminJmxAutoConfiguration postProcessAfterInitialization
springApplicationAdminRegistrar postProcessBeforeInitialization
springApplicationAdminRegistrar postProcessAfterInitialization
org.springframework.boot.autoconfigure.aop.AopAutoConfiguration$ClassProxyingConfiguration postProcessBeforeInitialization
org.springframework.boot.autoconfigure.aop.AopAutoConfiguration$ClassProxyingConfiguration postProcessAfterInitialization
org.springframework.boot.autoconfigure.aop.AopAutoConfiguration postProcessBeforeInitialization
org.springframework.boot.autoconfigure.aop.AopAutoConfiguration postProcessAfterInitialization
org.springframework.boot.autoconfigure.availability.ApplicationAvailabilityAutoConfiguration postProcessBeforeInitialization
org.springframework.boot.autoconfigure.availability.ApplicationAvailabilityAutoConfiguration postProcessAfterInitialization
applicationAvailability postProcessBeforeInitialization
applicationAvailability postProcessAfterInitialization
org.springframework.boot.autoconfigure.context.ConfigurationPropertiesAutoConfiguration postProcessBeforeInitialization
org.springframework.boot.autoconfigure.context.ConfigurationPropertiesAutoConfiguration postProcessAfterInitialization
org.springframework.boot.autoconfigure.context.LifecycleAutoConfiguration postProcessBeforeInitialization
org.springframework.boot.autoconfigure.context.LifecycleAutoConfiguration postProcessAfterInitialization
spring.lifecycle-org.springframework.boot.autoconfigure.context.LifecycleProperties postProcessBeforeInitialization
spring.lifecycle-org.springframework.boot.autoconfigure.context.LifecycleProperties postProcessAfterInitialization
lifecycleProcessor postProcessBeforeInitialization
lifecycleProcessor postProcessAfterInitialization
org.springframework.boot.autoconfigure.http.JacksonHttpMessageConvertersConfiguration postProcessBeforeInitialization
org.springframework.boot.autoconfigure.http.JacksonHttpMessageConvertersConfiguration postProcessAfterInitialization
spring.info-org.springframework.boot.autoconfigure.info.ProjectInfoProperties postProcessBeforeInitialization
spring.info-org.springframework.boot.autoconfigure.info.ProjectInfoProperties postProcessAfterInitialization
org.springframework.boot.autoconfigure.info.ProjectInfoAutoConfiguration postProcessBeforeInitialization
org.springframework.boot.autoconfigure.info.ProjectInfoAutoConfiguration postProcessAfterInitialization
org.springframework.boot.autoconfigure.sql.init.SqlInitializationAutoConfiguration postProcessBeforeInitialization
org.springframework.boot.autoconfigure.sql.init.SqlInitializationAutoConfiguration postProcessAfterInitialization
spring.sql.init-org.springframework.boot.autoconfigure.sql.init.SqlInitializationProperties postProcessBeforeInitialization
spring.sql.init-org.springframework.boot.autoconfigure.sql.init.SqlInitializationProperties postProcessAfterInitialization
org.springframework.boot.autoconfigure.task.TaskSchedulingConfigurations$ThreadPoolTaskSchedulerBuilderConfiguration postProcessBeforeInitialization
org.springframework.boot.autoconfigure.task.TaskSchedulingConfigurations$ThreadPoolTaskSchedulerBuilderConfiguration postProcessAfterInitialization
spring.task.scheduling-org.springframework.boot.autoconfigure.task.TaskSchedulingProperties postProcessBeforeInitialization
spring.task.scheduling-org.springframework.boot.autoconfigure.task.TaskSchedulingProperties postProcessAfterInitialization
threadPoolTaskSchedulerBuilder postProcessBeforeInitialization
threadPoolTaskSchedulerBuilder postProcessAfterInitialization
org.springframework.boot.autoconfigure.task.TaskSchedulingConfigurations$TaskSchedulerBuilderConfiguration postProcessBeforeInitialization
org.springframework.boot.autoconfigure.task.TaskSchedulingConfigurations$TaskSchedulerBuilderConfiguration postProcessAfterInitialization
taskSchedulerBuilder postProcessBeforeInitialization
taskSchedulerBuilder postProcessAfterInitialization
org.springframework.boot.autoconfigure.task.TaskSchedulingConfigurations$SimpleAsyncTaskSchedulerBuilderConfiguration postProcessBeforeInitialization
org.springframework.boot.autoconfigure.task.TaskSchedulingConfigurations$SimpleAsyncTaskSchedulerBuilderConfiguration postProcessAfterInitialization
simpleAsyncTaskSchedulerBuilder postProcessBeforeInitialization
simpleAsyncTaskSchedulerBuilder postProcessAfterInitialization
org.springframework.boot.autoconfigure.task.TaskSchedulingAutoConfiguration postProcessBeforeInitialization
org.springframework.boot.autoconfigure.task.TaskSchedulingAutoConfiguration postProcessAfterInitialization
org.springframework.boot.autoconfigure.web.client.RestClientAutoConfiguration postProcessBeforeInitialization
org.springframework.boot.autoconfigure.web.client.RestClientAutoConfiguration postProcessAfterInitialization
httpMessageConvertersRestClientCustomizer postProcessBeforeInitialization
httpMessageConvertersRestClientCustomizer postProcessAfterInitialization
restClientSsl postProcessBeforeInitialization
restClientSsl postProcessAfterInitialization
restClientBuilderConfigurer postProcessBeforeInitialization
restClientBuilderConfigurer postProcessAfterInitialization
org.springframework.boot.autoconfigure.web.client.RestTemplateAutoConfiguration postProcessBeforeInitialization
org.springframework.boot.autoconfigure.web.client.RestTemplateAutoConfiguration postProcessAfterInitialization
org.springframework.boot.autoconfigure.web.embedded.EmbeddedWebServerFactoryCustomizerAutoConfiguration postProcessBeforeInitialization
org.springframework.boot.autoconfigure.web.embedded.EmbeddedWebServerFactoryCustomizerAutoConfiguration postProcessAfterInitialization
multipartResolver postProcessBeforeInitialization
multipartResolver postProcessAfterInitialization
